# JRE version: OpenJDK Runtime Environment (8.0) (build 1.8.0-25-microsoft-b00)
# Java VM: OpenJDK 64-Bit Server VM (25.71-b00 mixed mode windows-amd64 compressed oops)
Heap:
 PSYoungGen      total 4096K, used 3210K [0x00000000d6180000, 0x00000000d6980000, 0x0000000100000000)
  eden space 3072K, 71% used [0x00000000d6180000,0x00000000d63a6a00,0x00000000d6480000)
  from space 1024K, 98% used [0x00000000d6880000,0x00000000d697c010,0x00000000d6980000)
  to   space 512K, 0% used [0x00000000d6480000,0x00000000d6480000,0x00000000d6500000)
 ParOldGen       total 5632K, used 1191K [0x0000000082400000, 0x0000000082980000, 0x00000000d6180000)
  object space 5632K, 21% used [0x0000000082400000,0x0000000082529fd0,0x0000000082980000)
 Metaspace       used 7400K, capacity 8180K, committed 8320K, reserved 1056768K
  class space    used 867K, capacity 880K, committed 896K, reserved 1048576K
GC Heap History (10 events):
Event: 0.170 GC heap before
{Heap before GC invocations=2 (full 0):
 PSYoungGen      total 2048K, used 2040K [0x00000000d6180000, 0x00000000d6400000, 0x0000000100000000)
  eden space 1536K, 100% used [0x00000000d6180000,0x00000000d6300000,0x00000000d6300000)
  from space 512K, 98% used [0x00000000d6300000,0x00000000d637e030,0x00000000d6380000)
  to   space 512K, 0% used [0x00000000d6380000,0x00000000d6380000,0x00000000d6400000)
 ParOldGen       total 5632K, used 172K [0x0000000082400000, 0x0000000082980000, 0x00000000d6180000)
  object space 5632K, 3% used [0x0000000082400000,0x000000008242b010,0x0000000082980000)
 Metaspace       used 3844K, capacity 5228K, committed 5376K, reserved 1056768K
  class space    used 428K, capacity 488K, committed 512K, reserved 1048576K
Event: 0.172 GC heap after
Heap after GC invocations=2 (full 0):
 PSYoungGen      total 2048K, used 488K [0x00000000d6180000, 0x00000000d6580000, 0x0000000100000000)
  eden space 1536K, 0% used [0x00000000d6180000,0x00000000d6180000,0x00000000d6300000)
  from space 512K, 95% used [0x00000000d6380000,0x00000000d63fa020,0x00000000d6400000)
  to   space 512K, 0% used [0x00000000d6300000,0x00000000d6300000,0x00000000d6380000)
 ParOldGen       total 5632K, used 364K [0x0000000082400000, 0x0000000082980000, 0x00000000d6180000)
  object space 5632K, 6% used [0x0000000082400000,0x000000008245b030,0x0000000082980000)
 Metaspace       used 3844K, capacity 5228K, committed 5376K, reserved 1056768K
  class space    used 428K, capacity 488K, committed 512K, reserved 1048576K
}
Event: 0.236 GC heap before
{Heap before GC invocations=3 (full 0):
 PSYoungGen      total 2048K, used 2024K [0x00000000d6180000, 0x00000000d6580000, 0x0000000100000000)
  eden space 1536K, 100% used [0x00000000d6180000,0x00000000d6300000,0x00000000d6300000)
  from space 512K, 95% used [0x00000000d6380000,0x00000000d63fa020,0x00000000d6400000)
  to   space 512K, 0% used [0x00000000d6300000,0x00000000d6300000,0x00000000d6380000)
 ParOldGen       total 5632K, used 364K [0x0000000082400000, 0x0000000082980000, 0x00000000d6180000)
  object space 5632K, 6% used [0x0000000082400000,0x000000008245b030,0x0000000082980000)
 Metaspace       used 4350K, capacity 5612K, committed 5760K, reserved 1056768K
  class space    used 502K, capacity 552K, committed 640K, reserved 1048576K
Event: 0.243 GC heap after
Heap after GC invocations=3 (full 0):
 PSYoungGen      total 2048K, used 504K [0x00000000d6180000, 0x00000000d6580000, 0x0000000100000000)
  eden space 1536K, 0% used [0x00000000d6180000,0x00000000d6180000,0x00000000d6300000)
  from space 512K, 98% used [0x00000000d6300000,0x00000000d637e030,0x00000000d6380000)
  to   space 512K, 0% used [0x00000000d6500000,0x00000000d6500000,0x00000000d6580000)
 ParOldGen       total 5632K, used 724K [0x0000000082400000, 0x0000000082980000, 0x00000000d6180000)
  object space 5632K, 12% used [0x0000000082400000,0x00000000824b5050,0x0000000082980000)
 Metaspace       used 4350K, capacity 5612K, committed 5760K, reserved 1056768K
  class space    used 502K, capacity 552K, committed 640K, reserved 1048576K
}
Event: 0.296 GC heap before
{Heap before GC invocations=4 (full 0):
 PSYoungGen      total 2048K, used 1966K [0x00000000d6180000, 0x00000000d6580000, 0x0000000100000000)
  eden space 1536K, 95% used [0x00000000d6180000,0x00000000d62ed9a0,0x00000000d6300000)
  from space 512K, 98% used [0x00000000d6300000,0x00000000d637e030,0x00000000d6380000)
  to   space 512K, 0% used [0x00000000d6500000,0x00000000d6500000,0x00000000d6580000)
 ParOldGen       total 5632K, used 724K [0x0000000082400000, 0x0000000082980000, 0x00000000d6180000)
  object space 5632K, 12% used [0x0000000082400000,0x00000000824b5050,0x0000000082980000)
 Metaspace       used 4857K, capacity 6124K, committed 6272K, reserved 1056768K
  class space    used 560K, capacity 616K, committed 640K, reserved 1048576K
Event: 0.297 GC heap after
Heap after GC invocations=4 (full 0):
 PSYoungGen      total 3584K, used 495K [0x00000000d6180000, 0x00000000d6580000, 0x0000000100000000)
  eden space 3072K, 0% used [0x00000000d6180000,0x00000000d6180000,0x00000000d6480000)
  from space 512K, 96% used [0x00000000d6500000,0x00000000d657bc20,0x00000000d6580000)
  to   space 512K, 0% used [0x00000000d6480000,0x00000000d6480000,0x00000000d6500000)
 ParOldGen       total 5632K, used 892K [0x0000000082400000, 0x0000000082980000, 0x00000000d6180000)
  object space 5632K, 15% used [0x0000000082400000,0x00000000824df060,0x0000000082980000)
 Metaspace       used 4857K, capacity 6124K, committed 6272K, reserved 1056768K
  class space    used 560K, capacity 616K, committed 640K, reserved 1048576K
}
Event: 0.398 GC heap before
{Heap before GC invocations=5 (full 0):
 PSYoungGen      total 3584K, used 3567K [0x00000000d6180000, 0x00000000d6580000, 0x0000000100000000)
  eden space 3072K, 100% used [0x00000000d6180000,0x00000000d6480000,0x00000000d6480000)
  from space 512K, 96% used [0x00000000d6500000,0x00000000d657bc20,0x00000000d6580000)
  to   space 512K, 0% used [0x00000000d6480000,0x00000000d6480000,0x00000000d6500000)
 ParOldGen       total 5632K, used 892K [0x0000000082400000, 0x0000000082980000, 0x00000000d6180000)
  object space 5632K, 15% used [0x0000000082400000,0x00000000824df060,0x0000000082980000)
 Metaspace       used 5861K, capacity 7084K, committed 7168K, reserved 1056768K
  class space    used 711K, capacity 744K, committed 768K, reserved 1048576K
Event: 0.400 GC heap after
Heap after GC invocations=5 (full 0):
 PSYoungGen      total 3584K, used 496K [0x00000000d6180000, 0x00000000d6980000, 0x0000000100000000)
  eden space 3072K, 0% used [0x00000000d6180000,0x00000000d6180000,0x00000000d6480000)
  from space 512K, 96% used [0x00000000d6480000,0x00000000d64fc010,0x00000000d6500000)
  to   space 1024K, 0% used [0x00000000d6880000,0x00000000d6880000,0x00000000d6980000)
 ParOldGen       total 5632K, used 964K [0x0000000082400000, 0x0000000082980000, 0x00000000d6180000)
  object space 5632K, 17% used [0x0000000082400000,0x00000000824f1090,0x0000000082980000)
 Metaspace       used 5861K, capacity 7084K, committed 7168K, reserved 1056768K
  class space    used 711K, capacity 744K, committed 768K, reserved 1048576K
}
Event: 0.605 GC heap before
{Heap before GC invocations=6 (full 0):
 PSYoungGen      total 3584K, used 3558K [0x00000000d6180000, 0x00000000d6980000, 0x0000000100000000)
  eden space 3072K, 99% used [0x00000000d6180000,0x00000000d647d808,0x00000000d6480000)
  from space 512K, 96% used [0x00000000d6480000,0x00000000d64fc010,0x00000000d6500000)
  to   space 1024K, 0% used [0x00000000d6880000,0x00000000d6880000,0x00000000d6980000)
 ParOldGen       total 5632K, used 964K [0x0000000082400000, 0x0000000082980000, 0x00000000d6180000)
  object space 5632K, 17% used [0x0000000082400000,0x00000000824f1090,0x0000000082980000)
 Metaspace       used 6984K, capacity 7860K, committed 8064K, reserved 1056768K
  class space    used 837K, capacity 880K, committed 896K, reserved 1048576K
Event: 0.608 GC heap after
Heap after GC invocations=6 (full 0):
 PSYoungGen      total 4096K, used 1008K [0x00000000d6180000, 0x00000000d6980000, 0x0000000100000000)
  eden space 3072K, 0% used [0x00000000d6180000,0x00000000d6180000,0x00000000d6480000)
  from space 1024K, 98% used [0x00000000d6880000,0x00000000d697c010,0x00000000d6980000)
  to   space 512K, 0% used [0x00000000d6480000,0x00000000d6480000,0x00000000d6500000)
 ParOldGen       total 5632K, used 1191K [0x0000000082400000, 0x0000000082980000, 0x00000000d6180000)
  object space 5632K, 21% used [0x0000000082400000,0x0000000082529fd0,0x0000000082980000)
 Metaspace       used 6984K, capacity 7860K, committed 8064K, reserved 1056768K
  class space    used 837K, capacity 880K, committed 896K, reserved 1048576K
}

