# JRE version: OpenJDK Runtime Environment (8.0) (build 1.8.0-25-microsoft-b00)
# Java VM: OpenJDK 64-Bit Server VM (25.71-b00 mixed mode windows-amd64 compressed oops)
Heap:
 PSYoungGen      total 241152K, used 87514K [0x00000000eab00000, 0x0000000100000000, 0x0000000100000000)
  eden space 180224K, 20% used [0x00000000eab00000,0x00000000ecf5c4f0,0x00000000f5b00000)
  from space 60928K, 82% used [0x00000000fc480000,0x00000000ff59a468,0x0000000100000000)
  to   space 84480K, 0% used [0x00000000f5b00000,0x00000000f5b00000,0x00000000fad80000)
 ParOldGen       total 292864K, used 164061K [0x00000000c0000000, 0x00000000d1e00000, 0x00000000eab00000)
  object space 292864K, 56% used [0x00000000c0000000,0x00000000ca037740,0x00000000d1e00000)
 Metaspace       used 6745K, capacity 7384K, committed 7680K, reserved 1056768K
  class space    used 614K, capacity 656K, committed 768K, reserved 1048576K
GC Heap History (10 events):
Event: 5.393 GC heap before
{Heap before GC invocations=10 (full 1):
 PSYoungGen      total 287744K, used 36334K [0x00000000eab00000, 0x0000000100000000, 0x0000000100000000)
  eden space 251392K, 0% used [0x00000000eab00000,0x00000000eab00000,0x00000000fa080000)
  from space 36352K, 99% used [0x00000000fa080000,0x00000000fc3fb8b0,0x00000000fc400000)
  to   space 53760K, 0% used [0x00000000fcb80000,0x00000000fcb80000,0x0000000100000000)
 ParOldGen       total 86016K, used 82563K [0x00000000c0000000, 0x00000000c5400000, 0x00000000eab00000)
  object space 86016K, 95% used [0x00000000c0000000,0x00000000c50a0cc0,0x00000000c5400000)
 Metaspace       used 6715K, capacity 7384K, committed 7680K, reserved 1056768K
  class space    used 613K, capacity 656K, committed 768K, reserved 1048576K
Event: 6.377 GC heap after
Heap after GC invocations=10 (full 1):
 PSYoungGen      total 287744K, used 27298K [0x00000000eab00000, 0x0000000100000000, 0x0000000100000000)
  eden space 251392K, 0% used [0x00000000eab00000,0x00000000eab00000,0x00000000fa080000)
  from space 36352K, 75% used [0x00000000fa080000,0x00000000fbb28b18,0x00000000fc400000)
  to   space 53760K, 0% used [0x00000000fcb80000,0x00000000fcb80000,0x0000000100000000)
 ParOldGen       total 164352K, used 85531K [0x00000000c0000000, 0x00000000ca080000, 0x00000000eab00000)
  object space 164352K, 52% used [0x00000000c0000000,0x00000000c5386d48,0x00000000ca080000)
 Metaspace       used 6715K, capacity 7384K, committed 7680K, reserved 1056768K
  class space    used 613K, capacity 656K, committed 768K, reserved 1048576K
}
Event: 7.367 GC heap before
{Heap before GC invocations=11 (full 1):
 PSYoungGen      total 287744K, used 278690K [0x00000000eab00000, 0x0000000100000000, 0x0000000100000000)
  eden space 251392K, 100% used [0x00000000eab00000,0x00000000fa080000,0x00000000fa080000)
  from space 36352K, 75% used [0x00000000fa080000,0x00000000fbb28b18,0x00000000fc400000)
  to   space 53760K, 0% used [0x00000000fcb80000,0x00000000fcb80000,0x0000000100000000)
 ParOldGen       total 164352K, used 85531K [0x00000000c0000000, 0x00000000ca080000, 0x00000000eab00000)
  object space 164352K, 52% used [0x00000000c0000000,0x00000000c5386d48,0x00000000ca080000)
 Metaspace       used 6720K, capacity 7384K, committed 7680K, reserved 1056768K
  class space    used 613K, capacity 656K, committed 768K, reserved 1048576K
Event: 7.553 GC heap after
Heap after GC invocations=11 (full 1):
 PSYoungGen      total 281088K, used 51086K [0x00000000eab00000, 0x0000000100000000, 0x0000000100000000)
  eden space 227328K, 0% used [0x00000000eab00000,0x00000000eab00000,0x00000000f8900000)
  from space 53760K, 95% used [0x00000000fcb80000,0x00000000ffd63b00,0x0000000100000000)
  to   space 60928K, 0% used [0x00000000f8900000,0x00000000f8900000,0x00000000fc480000)
 ParOldGen       total 164352K, used 100529K [0x00000000c0000000, 0x00000000ca080000, 0x00000000eab00000)
  object space 164352K, 61% used [0x00000000c0000000,0x00000000c622c558,0x00000000ca080000)
 Metaspace       used 6720K, capacity 7384K, committed 7680K, reserved 1056768K
  class space    used 613K, capacity 656K, committed 768K, reserved 1048576K
}
Event: 9.258 GC heap before
{Heap before GC invocations=12 (full 1):
 PSYoungGen      total 281088K, used 278414K [0x00000000eab00000, 0x0000000100000000, 0x0000000100000000)
  eden space 227328K, 100% used [0x00000000eab00000,0x00000000f8900000,0x00000000f8900000)
  from space 53760K, 95% used [0x00000000fcb80000,0x00000000ffd63b00,0x0000000100000000)
  to   space 60928K, 0% used [0x00000000f8900000,0x00000000f8900000,0x00000000fc480000)
 ParOldGen       total 164352K, used 100529K [0x00000000c0000000, 0x00000000ca080000, 0x00000000eab00000)
  object space 164352K, 61% used [0x00000000c0000000,0x00000000c622c558,0x00000000ca080000)
 Metaspace       used 6730K, capacity 7384K, committed 7680K, reserved 1056768K
  class space    used 614K, capacity 656K, committed 768K, reserved 1048576K
Event: 9.363 GC heap after
Heap after GC invocations=12 (full 1):
 PSYoungGen      total 288256K, used 60897K [0x00000000eab00000, 0x0000000100000000, 0x0000000100000000)
  eden space 227328K, 0% used [0x00000000eab00000,0x00000000eab00000,0x00000000f8900000)
  from space 60928K, 99% used [0x00000000f8900000,0x00000000fc4786e0,0x00000000fc480000)
  to   space 60928K, 0% used [0x00000000fc480000,0x00000000fc480000,0x0000000100000000)
 ParOldGen       total 164352K, used 123729K [0x00000000c0000000, 0x00000000ca080000, 0x00000000eab00000)
  object space 164352K, 75% used [0x00000000c0000000,0x00000000c78d45d0,0x00000000ca080000)
 Metaspace       used 6730K, capacity 7384K, committed 7680K, reserved 1056768K
  class space    used 614K, capacity 656K, committed 768K, reserved 1048576K
}
Event: 9.938 GC heap before
{Heap before GC invocations=13 (full 1):
 PSYoungGen      total 288256K, used 288225K [0x00000000eab00000, 0x0000000100000000, 0x0000000100000000)
  eden space 227328K, 100% used [0x00000000eab00000,0x00000000f8900000,0x00000000f8900000)
  from space 60928K, 99% used [0x00000000f8900000,0x00000000fc4786e0,0x00000000fc480000)
  to   space 60928K, 0% used [0x00000000fc480000,0x00000000fc480000,0x0000000100000000)
 ParOldGen       total 164352K, used 123729K [0x00000000c0000000, 0x00000000ca080000, 0x00000000eab00000)
  object space 164352K, 75% used [0x00000000c0000000,0x00000000c78d45d0,0x00000000ca080000)
 Metaspace       used 6740K, capacity 7384K, committed 7680K, reserved 1056768K
  class space    used 614K, capacity 656K, committed 768K, reserved 1048576K
Event: 10.111 GC heap after
Heap after GC invocations=13 (full 1):
 PSYoungGen      total 241152K, used 57737K [0x00000000eab00000, 0x0000000100000000, 0x0000000100000000)
  eden space 180224K, 0% used [0x00000000eab00000,0x00000000eab00000,0x00000000f5b00000)
  from space 60928K, 94% used [0x00000000fc480000,0x00000000ffce24c0,0x0000000100000000)
  to   space 84480K, 0% used [0x00000000f5b00000,0x00000000f5b00000,0x00000000fad80000)
 ParOldGen       total 164352K, used 161072K [0x00000000c0000000, 0x00000000ca080000, 0x00000000eab00000)
  object space 164352K, 98% used [0x00000000c0000000,0x00000000c9d4c2b8,0x00000000ca080000)
 Metaspace       used 6740K, capacity 7384K, committed 7680K, reserved 1056768K
  class space    used 614K, capacity 656K, committed 768K, reserved 1048576K
}
Event: 10.111 GC heap before
{Heap before GC invocations=14 (full 2):
 PSYoungGen      total 241152K, used 57737K [0x00000000eab00000, 0x0000000100000000, 0x0000000100000000)
  eden space 180224K, 0% used [0x00000000eab00000,0x00000000eab00000,0x00000000f5b00000)
  from space 60928K, 94% used [0x00000000fc480000,0x00000000ffce24c0,0x0000000100000000)
  to   space 84480K, 0% used [0x00000000f5b00000,0x00000000f5b00000,0x00000000fad80000)
 ParOldGen       total 164352K, used 161072K [0x00000000c0000000, 0x00000000ca080000, 0x00000000eab00000)
  object space 164352K, 98% used [0x00000000c0000000,0x00000000c9d4c2b8,0x00000000ca080000)
 Metaspace       used 6740K, capacity 7384K, committed 7680K, reserved 1056768K
  class space    used 614K, capacity 656K, committed 768K, reserved 1048576K
Event: 12.262 GC heap after
Heap after GC invocations=14 (full 2):
 PSYoungGen      total 241152K, used 50281K [0x00000000eab00000, 0x0000000100000000, 0x0000000100000000)
  eden space 180224K, 0% used [0x00000000eab00000,0x00000000eab00000,0x00000000f5b00000)
  from space 60928K, 82% used [0x00000000fc480000,0x00000000ff59a468,0x0000000100000000)
  to   space 84480K, 0% used [0x00000000f5b00000,0x00000000f5b00000,0x00000000fad80000)
 ParOldGen       total 292864K, used 164061K [0x00000000c0000000, 0x00000000d1e00000, 0x00000000eab00000)
  object space 292864K, 56% used [0x00000000c0000000,0x00000000ca037740,0x00000000d1e00000)
 Metaspace       used 6740K, capacity 7384K, committed 7680K, reserved 1056768K
  class space    used 614K, capacity 656K, committed 768K, reserved 1048576K
}

