# JRE version: OpenJDK Runtime Environment (8.0) (build 1.8.0-25-microsoft-b00)
# Java VM: OpenJDK 64-Bit Server VM (25.71-b00 mixed mode windows-amd64 compressed oops)
Heap:
 PSYoungGen      total 28672K, used 18119K [0x00000000d6180000, 0x00000000d8f00000, 0x0000000100000000)
  eden space 19456K, 45% used [0x00000000d6180000,0x00000000d6a36f58,0x00000000d7480000)
  from space 9216K, 99% used [0x00000000d7f80000,0x00000000d887b038,0x00000000d8880000)
  to   space 11264K, 0% used [0x00000000d7480000,0x00000000d7480000,0x00000000d7f80000)
 ParOldGen       total 20992K, used 12916K [0x0000000082400000, 0x0000000083880000, 0x00000000d6180000)
  object space 20992K, 61% used [0x0000000082400000,0x000000008309d278,0x0000000083880000)
 Metaspace       used 9635K, capacity 10014K, committed 10368K, reserved 1058816K
  class space    used 1012K, capacity 1042K, committed 1152K, reserved 1048576K
GC Heap History (10 events):
Event: 0.520 GC heap before
{Heap before GC invocations=8 (full 1):
 PSYoungGen      total 14848K, used 3068K [0x00000000d6180000, 0x00000000d8380000, 0x0000000100000000)
  eden space 11776K, 0% used [0x00000000d6180000,0x00000000d6180000,0x00000000d6d00000)
  from space 3072K, 99% used [0x00000000d6d00000,0x00000000d6fff228,0x00000000d7000000)
  to   space 5632K, 0% used [0x00000000d7e00000,0x00000000d7e00000,0x00000000d8380000)
 ParOldGen       total 6656K, used 6601K [0x0000000082400000, 0x0000000082a80000, 0x00000000d6180000)
  object space 6656K, 99% used [0x0000000082400000,0x0000000082a727f8,0x0000000082a80000)
 Metaspace       used 7451K, capacity 8244K, committed 8320K, reserved 1056768K
  class space    used 867K, capacity 880K, committed 896K, reserved 1048576K
Event: 0.549 GC heap after
Heap after GC invocations=8 (full 1):
 PSYoungGen      total 14848K, used 3066K [0x00000000d6180000, 0x00000000d8380000, 0x0000000100000000)
  eden space 11776K, 0% used [0x00000000d6180000,0x00000000d6180000,0x00000000d6d00000)
  from space 3072K, 99% used [0x00000000d6d00000,0x00000000d6ffebb8,0x00000000d7000000)
  to   space 5632K, 0% used [0x00000000d7e00000,0x00000000d7e00000,0x00000000d8380000)
 ParOldGen       total 11776K, used 5917K [0x0000000082400000, 0x0000000082f80000, 0x00000000d6180000)
  object space 11776K, 50% used [0x0000000082400000,0x00000000829c7670,0x0000000082f80000)
 Metaspace       used 7451K, capacity 8244K, committed 8320K, reserved 1056768K
  class space    used 867K, capacity 880K, committed 896K, reserved 1048576K
}
Event: 0.658 GC heap before
{Heap before GC invocations=9 (full 1):
 PSYoungGen      total 14848K, used 14842K [0x00000000d6180000, 0x00000000d8380000, 0x0000000100000000)
  eden space 11776K, 100% used [0x00000000d6180000,0x00000000d6d00000,0x00000000d6d00000)
  from space 3072K, 99% used [0x00000000d6d00000,0x00000000d6ffebb8,0x00000000d7000000)
  to   space 5632K, 0% used [0x00000000d7e00000,0x00000000d7e00000,0x00000000d8380000)
 ParOldGen       total 11776K, used 5917K [0x0000000082400000, 0x0000000082f80000, 0x00000000d6180000)
  object space 11776K, 50% used [0x0000000082400000,0x00000000829c7670,0x0000000082f80000)
 Metaspace       used 7624K, capacity 8372K, committed 8576K, reserved 1056768K
  class space    used 875K, capacity 880K, committed 896K, reserved 1048576K
Event: 0.661 GC heap after
Heap after GC invocations=9 (full 1):
 PSYoungGen      total 21504K, used 4393K [0x00000000d6180000, 0x00000000d8280000, 0x0000000100000000)
  eden space 16896K, 0% used [0x00000000d6180000,0x00000000d6180000,0x00000000d7200000)
  from space 4608K, 95% used [0x00000000d7e00000,0x00000000d824a690,0x00000000d8280000)
  to   space 6144K, 0% used [0x00000000d7680000,0x00000000d7680000,0x00000000d7c80000)
 ParOldGen       total 11776K, used 6029K [0x0000000082400000, 0x0000000082f80000, 0x00000000d6180000)
  object space 11776K, 51% used [0x0000000082400000,0x00000000829e3670,0x0000000082f80000)
 Metaspace       used 7624K, capacity 8372K, committed 8576K, reserved 1056768K
  class space    used 875K, capacity 880K, committed 896K, reserved 1048576K
}
Event: 0.760 GC heap before
{Heap before GC invocations=10 (full 1):
 PSYoungGen      total 21504K, used 21289K [0x00000000d6180000, 0x00000000d8280000, 0x0000000100000000)
  eden space 16896K, 100% used [0x00000000d6180000,0x00000000d7200000,0x00000000d7200000)
  from space 4608K, 95% used [0x00000000d7e00000,0x00000000d824a690,0x00000000d8280000)
  to   space 6144K, 0% used [0x00000000d7680000,0x00000000d7680000,0x00000000d7c80000)
 ParOldGen       total 11776K, used 6029K [0x0000000082400000, 0x0000000082f80000, 0x00000000d6180000)
  object space 11776K, 51% used [0x0000000082400000,0x00000000829e3670,0x0000000082f80000)
 Metaspace       used 7935K, capacity 8660K, committed 8960K, reserved 1056768K
  class space    used 892K, capacity 912K, committed 1024K, reserved 1048576K
Event: 0.766 GC heap after
Heap after GC invocations=10 (full 1):
 PSYoungGen      total 27648K, used 6124K [0x00000000d6180000, 0x00000000d8880000, 0x0000000100000000)
  eden space 21504K, 0% used [0x00000000d6180000,0x00000000d6180000,0x00000000d7680000)
  from space 6144K, 99% used [0x00000000d7680000,0x00000000d7c7b2c0,0x00000000d7c80000)
  to   space 9216K, 0% used [0x00000000d7f80000,0x00000000d7f80000,0x00000000d8880000)
 ParOldGen       total 11776K, used 10691K [0x0000000082400000, 0x0000000082f80000, 0x00000000d6180000)
  object space 11776K, 90% used [0x0000000082400000,0x0000000082e70e10,0x0000000082f80000)
 Metaspace       used 7935K, capacity 8660K, committed 8960K, reserved 1056768K
  class space    used 892K, capacity 912K, committed 1024K, reserved 1048576K
}
Event: 0.766 GC heap before
{Heap before GC invocations=11 (full 2):
 PSYoungGen      total 27648K, used 6124K [0x00000000d6180000, 0x00000000d8880000, 0x0000000100000000)
  eden space 21504K, 0% used [0x00000000d6180000,0x00000000d6180000,0x00000000d7680000)
  from space 6144K, 99% used [0x00000000d7680000,0x00000000d7c7b2c0,0x00000000d7c80000)
  to   space 9216K, 0% used [0x00000000d7f80000,0x00000000d7f80000,0x00000000d8880000)
 ParOldGen       total 11776K, used 10691K [0x0000000082400000, 0x0000000082f80000, 0x00000000d6180000)
  object space 11776K, 90% used [0x0000000082400000,0x0000000082e70e10,0x0000000082f80000)
 Metaspace       used 7935K, capacity 8660K, committed 8960K, reserved 1056768K
  class space    used 892K, capacity 912K, committed 1024K, reserved 1048576K
Event: 0.874 GC heap after
Heap after GC invocations=11 (full 2):
 PSYoungGen      total 27648K, used 5083K [0x00000000d6180000, 0x00000000d8880000, 0x0000000100000000)
  eden space 21504K, 0% used [0x00000000d6180000,0x00000000d6180000,0x00000000d7680000)
  from space 6144K, 82% used [0x00000000d7680000,0x00000000d7b76ec8,0x00000000d7c80000)
  to   space 9216K, 0% used [0x00000000d7f80000,0x00000000d7f80000,0x00000000d8880000)
 ParOldGen       total 20992K, used 11387K [0x0000000082400000, 0x0000000083880000, 0x00000000d6180000)
  object space 20992K, 54% used [0x0000000082400000,0x0000000082f1ed08,0x0000000083880000)
 Metaspace       used 7935K, capacity 8660K, committed 8960K, reserved 1056768K
  class space    used 892K, capacity 912K, committed 1024K, reserved 1048576K
}
Event: 1.250 GC heap before
{Heap before GC invocations=12 (full 2):
 PSYoungGen      total 27648K, used 26587K [0x00000000d6180000, 0x00000000d8880000, 0x0000000100000000)
  eden space 21504K, 100% used [0x00000000d6180000,0x00000000d7680000,0x00000000d7680000)
  from space 6144K, 82% used [0x00000000d7680000,0x00000000d7b76ec8,0x00000000d7c80000)
  to   space 9216K, 0% used [0x00000000d7f80000,0x00000000d7f80000,0x00000000d8880000)
 ParOldGen       total 20992K, used 11387K [0x0000000082400000, 0x0000000083880000, 0x00000000d6180000)
  object space 20992K, 54% used [0x0000000082400000,0x0000000082f1ed08,0x0000000083880000)
 Metaspace       used 9278K, capacity 9694K, committed 9856K, reserved 1058816K
  class space    used 1012K, capacity 1042K, committed 1152K, reserved 1048576K
Event: 1.257 GC heap after
Heap after GC invocations=12 (full 2):
 PSYoungGen      total 28672K, used 9196K [0x00000000d6180000, 0x00000000d8f00000, 0x0000000100000000)
  eden space 19456K, 0% used [0x00000000d6180000,0x00000000d6180000,0x00000000d7480000)
  from space 9216K, 99% used [0x00000000d7f80000,0x00000000d887b038,0x00000000d8880000)
  to   space 11264K, 0% used [0x00000000d7480000,0x00000000d7480000,0x00000000d7f80000)
 ParOldGen       total 20992K, used 12916K [0x0000000082400000, 0x0000000083880000, 0x00000000d6180000)
  object space 20992K, 61% used [0x0000000082400000,0x000000008309d278,0x0000000083880000)
 Metaspace       used 9278K, capacity 9694K, committed 9856K, reserved 1058816K
  class space    used 1012K, capacity 1042K, committed 1152K, reserved 1048576K
}

