# JRE version: OpenJDK Runtime Environment (8.0) (build 1.8.0-25-microsoft-b00)
# Java VM: OpenJDK 64-Bit Server VM (25.71-b00 mixed mode windows-amd64 compressed oops)
Heap:
 PSYoungGen      total 147456K, used 129536K [0x00000000eab00000, 0x00000000fc680000, 0x0000000100000000)
  eden space 129536K, 100% used [0x00000000eab00000,0x00000000f2980000,0x00000000f2980000)
  from space 17920K, 0% used [0x00000000f2980000,0x00000000f2980000,0x00000000f3b00000)
  to   space 41472K, 0% used [0x00000000f9e00000,0x00000000f9e00000,0x00000000fc680000)
 ParOldGen       total 86016K, used 85713K [0x00000000c0000000, 0x00000000c5400000, 0x00000000eab00000)
  object space 86016K, 99% used [0x00000000c0000000,0x00000000c53b45a8,0x00000000c5400000)
 Metaspace       used 6749K, capacity 7384K, committed 7680K, reserved 1056768K
  class space    used 614K, capacity 656K, committed 768K, reserved 1048576K
GC Heap History (10 events):
Event: 19.261 GC heap after
Heap after GC invocations=25 (full 16):
 PSYoungGen      total 147456K, used 117345K [0x00000000eab00000, 0x00000000fc680000, 0x0000000100000000)
  eden space 129536K, 90% used [0x00000000eab00000,0x00000000f1d984e8,0x00000000f2980000)
  from space 17920K, 0% used [0x00000000f2980000,0x00000000f2980000,0x00000000f3b00000)
  to   space 41472K, 0% used [0x00000000f9e00000,0x00000000f9e00000,0x00000000fc680000)
 ParOldGen       total 86016K, used 85713K [0x00000000c0000000, 0x00000000c5400000, 0x00000000eab00000)
  object space 86016K, 99% used [0x00000000c0000000,0x00000000c53b45a8,0x00000000c5400000)
 Metaspace       used 6748K, capacity 7384K, committed 7680K, reserved 1056768K
  class space    used 614K, capacity 656K, committed 768K, reserved 1048576K
}
Event: 19.299 GC heap before
{Heap before GC invocations=26 (full 17):
 PSYoungGen      total 147456K, used 129536K [0x00000000eab00000, 0x00000000fc680000, 0x0000000100000000)
  eden space 129536K, 100% used [0x00000000eab00000,0x00000000f2980000,0x00000000f2980000)
  from space 17920K, 0% used [0x00000000f2980000,0x00000000f2980000,0x00000000f3b00000)
  to   space 41472K, 0% used [0x00000000f9e00000,0x00000000f9e00000,0x00000000fc680000)
 ParOldGen       total 86016K, used 85713K [0x00000000c0000000, 0x00000000c5400000, 0x00000000eab00000)
  object space 86016K, 99% used [0x00000000c0000000,0x00000000c53b45a8,0x00000000c5400000)
 Metaspace       used 6748K, capacity 7384K, committed 7680K, reserved 1056768K
  class space    used 614K, capacity 656K, committed 768K, reserved 1048576K
Event: 19.689 GC heap after
Heap after GC invocations=26 (full 17):
 PSYoungGen      total 147456K, used 119097K [0x00000000eab00000, 0x00000000fc680000, 0x0000000100000000)
  eden space 129536K, 91% used [0x00000000eab00000,0x00000000f1f4e750,0x00000000f2980000)
  from space 17920K, 0% used [0x00000000f2980000,0x00000000f2980000,0x00000000f3b00000)
  to   space 41472K, 0% used [0x00000000f9e00000,0x00000000f9e00000,0x00000000fc680000)
 ParOldGen       total 86016K, used 85713K [0x00000000c0000000, 0x00000000c5400000, 0x00000000eab00000)
  object space 86016K, 99% used [0x00000000c0000000,0x00000000c53b45a8,0x00000000c5400000)
 Metaspace       used 6748K, capacity 7384K, committed 7680K, reserved 1056768K
  class space    used 614K, capacity 656K, committed 768K, reserved 1048576K
}
Event: 19.713 GC heap before
{Heap before GC invocations=27 (full 18):
 PSYoungGen      total 147456K, used 129536K [0x00000000eab00000, 0x00000000fc680000, 0x0000000100000000)
  eden space 129536K, 100% used [0x00000000eab00000,0x00000000f2980000,0x00000000f2980000)
  from space 17920K, 0% used [0x00000000f2980000,0x00000000f2980000,0x00000000f3b00000)
  to   space 41472K, 0% used [0x00000000f9e00000,0x00000000f9e00000,0x00000000fc680000)
 ParOldGen       total 86016K, used 85713K [0x00000000c0000000, 0x00000000c5400000, 0x00000000eab00000)
  object space 86016K, 99% used [0x00000000c0000000,0x00000000c53b45a8,0x00000000c5400000)
 Metaspace       used 6748K, capacity 7384K, committed 7680K, reserved 1056768K
  class space    used 614K, capacity 656K, committed 768K, reserved 1048576K
Event: 20.050 GC heap after
Heap after GC invocations=27 (full 18):
 PSYoungGen      total 147456K, used 120869K [0x00000000eab00000, 0x00000000fc680000, 0x0000000100000000)
  eden space 129536K, 93% used [0x00000000eab00000,0x00000000f2109438,0x00000000f2980000)
  from space 17920K, 0% used [0x00000000f2980000,0x00000000f2980000,0x00000000f3b00000)
  to   space 41472K, 0% used [0x00000000f9e00000,0x00000000f9e00000,0x00000000fc680000)
 ParOldGen       total 86016K, used 85713K [0x00000000c0000000, 0x00000000c5400000, 0x00000000eab00000)
  object space 86016K, 99% used [0x00000000c0000000,0x00000000c53b45a8,0x00000000c5400000)
 Metaspace       used 6748K, capacity 7384K, committed 7680K, reserved 1056768K
  class space    used 614K, capacity 656K, committed 768K, reserved 1048576K
}
Event: 20.075 GC heap before
{Heap before GC invocations=28 (full 19):
 PSYoungGen      total 147456K, used 129536K [0x00000000eab00000, 0x00000000fc680000, 0x0000000100000000)
  eden space 129536K, 100% used [0x00000000eab00000,0x00000000f2980000,0x00000000f2980000)
  from space 17920K, 0% used [0x00000000f2980000,0x00000000f2980000,0x00000000f3b00000)
  to   space 41472K, 0% used [0x00000000f9e00000,0x00000000f9e00000,0x00000000fc680000)
 ParOldGen       total 86016K, used 85713K [0x00000000c0000000, 0x00000000c5400000, 0x00000000eab00000)
  object space 86016K, 99% used [0x00000000c0000000,0x00000000c53b45a8,0x00000000c5400000)
 Metaspace       used 6748K, capacity 7384K, committed 7680K, reserved 1056768K
  class space    used 614K, capacity 656K, committed 768K, reserved 1048576K
Event: 20.438 GC heap after
Heap after GC invocations=28 (full 19):
 PSYoungGen      total 147456K, used 121835K [0x00000000eab00000, 0x00000000fc680000, 0x0000000100000000)
  eden space 129536K, 94% used [0x00000000eab00000,0x00000000f21fad10,0x00000000f2980000)
  from space 17920K, 0% used [0x00000000f2980000,0x00000000f2980000,0x00000000f3b00000)
  to   space 41472K, 0% used [0x00000000f9e00000,0x00000000f9e00000,0x00000000fc680000)
 ParOldGen       total 86016K, used 85713K [0x00000000c0000000, 0x00000000c5400000, 0x00000000eab00000)
  object space 86016K, 99% used [0x00000000c0000000,0x00000000c53b45a8,0x00000000c5400000)
 Metaspace       used 6748K, capacity 7384K, committed 7680K, reserved 1056768K
  class space    used 614K, capacity 656K, committed 768K, reserved 1048576K
}
Event: 20.459 GC heap before
{Heap before GC invocations=29 (full 20):
 PSYoungGen      total 147456K, used 129536K [0x00000000eab00000, 0x00000000fc680000, 0x0000000100000000)
  eden space 129536K, 100% used [0x00000000eab00000,0x00000000f2980000,0x00000000f2980000)
  from space 17920K, 0% used [0x00000000f2980000,0x00000000f2980000,0x00000000f3b00000)
  to   space 41472K, 0% used [0x00000000f9e00000,0x00000000f9e00000,0x00000000fc680000)
 ParOldGen       total 86016K, used 85713K [0x00000000c0000000, 0x00000000c5400000, 0x00000000eab00000)
  object space 86016K, 99% used [0x00000000c0000000,0x00000000c53b45a8,0x00000000c5400000)
 Metaspace       used 6749K, capacity 7384K, committed 7680K, reserved 1056768K
  class space    used 614K, capacity 656K, committed 768K, reserved 1048576K
Event: 20.870 GC heap after
Heap after GC invocations=29 (full 20):
 PSYoungGen      total 147456K, used 122825K [0x00000000eab00000, 0x00000000fc680000, 0x0000000100000000)
  eden space 129536K, 94% used [0x00000000eab00000,0x00000000f22f2570,0x00000000f2980000)
  from space 17920K, 0% used [0x00000000f2980000,0x00000000f2980000,0x00000000f3b00000)
  to   space 41472K, 0% used [0x00000000f9e00000,0x00000000f9e00000,0x00000000fc680000)
 ParOldGen       total 86016K, used 85713K [0x00000000c0000000, 0x00000000c5400000, 0x00000000eab00000)
  object space 86016K, 99% used [0x00000000c0000000,0x00000000c53b45a8,0x00000000c5400000)
 Metaspace       used 6749K, capacity 7384K, committed 7680K, reserved 1056768K
  class space    used 614K, capacity 656K, committed 768K, reserved 1048576K
}
Event: 20.909 GC heap before
{Heap before GC invocations=30 (full 21):
 PSYoungGen      total 147456K, used 129536K [0x00000000eab00000, 0x00000000fc680000, 0x0000000100000000)
  eden space 129536K, 100% used [0x00000000eab00000,0x00000000f2980000,0x00000000f2980000)
  from space 17920K, 0% used [0x00000000f2980000,0x00000000f2980000,0x00000000f3b00000)
  to   space 41472K, 0% used [0x00000000f9e00000,0x00000000f9e00000,0x00000000fc680000)
 ParOldGen       total 86016K, used 85713K [0x00000000c0000000, 0x00000000c5400000, 0x00000000eab00000)
  object space 86016K, 99% used [0x00000000c0000000,0x00000000c53b45a8,0x00000000c5400000)
 Metaspace       used 6749K, capacity 7384K, committed 7680K, reserved 1056768K
  class space    used 614K, capacity 656K, committed 768K, reserved 1048576K

