# JRE version: OpenJDK Runtime Environment (8.0) (build 1.8.0-25-microsoft-b00)
# Java VM: OpenJDK 64-Bit Server VM (25.71-b00 mixed mode windows-amd64 compressed oops)
Heap:
 PSYoungGen      total 230912K, used 193765K [0x00000000eab00000, 0x0000000100000000, 0x0000000100000000)
  eden space 174080K, 78% used [0x00000000eab00000,0x00000000f311bf60,0x00000000f5500000)
  from space 56832K, 99% used [0x00000000f5500000,0x00000000f8c1d828,0x00000000f8c80000)
  to   space 89600K, 0% used [0x00000000fa880000,0x00000000fa880000,0x0000000100000000)
 ParOldGen       total 310272K, used 172518K [0x00000000c0000000, 0x00000000d2f00000, 0x00000000eab00000)
  object space 310272K, 55% used [0x00000000c0000000,0x00000000ca879b88,0x00000000d2f00000)
 Metaspace       used 6754K, capacity 7384K, committed 7680K, reserved 1056768K
  class space    used 614K, capacity 656K, committed 768K, reserved 1048576K
GC Heap History (10 events):
Event: 7.530 GC heap before
{Heap before GC invocations=9 (full 1):
 PSYoungGen      total 288768K, used 277420K [0x00000000eab00000, 0x0000000100000000, 0x0000000100000000)
  eden space 258048K, 100% used [0x00000000eab00000,0x00000000fa700000,0x00000000fa700000)
  from space 30720K, 63% used [0x00000000fa700000,0x00000000fb9eb108,0x00000000fc500000)
  to   space 51712K, 0% used [0x00000000fcd80000,0x00000000fcd80000,0x0000000100000000)
 ParOldGen       total 172544K, used 85698K [0x00000000c0000000, 0x00000000ca880000, 0x00000000eab00000)
  object space 172544K, 49% used [0x00000000c0000000,0x00000000c53b0830,0x00000000ca880000)
 Metaspace       used 6724K, capacity 7384K, committed 7680K, reserved 1056768K
  class space    used 613K, capacity 656K, committed 768K, reserved 1048576K
Event: 7.638 GC heap after
Heap after GC invocations=9 (full 1):
 PSYoungGen      total 272896K, used 51687K [0x00000000eab00000, 0x0000000100000000, 0x0000000100000000)
  eden space 221184K, 0% used [0x00000000eab00000,0x00000000eab00000,0x00000000f8300000)
  from space 51712K, 99% used [0x00000000fcd80000,0x00000000ffff9c60,0x0000000100000000)
  to   space 64000K, 0% used [0x00000000f8300000,0x00000000f8300000,0x00000000fc180000)
 ParOldGen       total 172544K, used 92202K [0x00000000c0000000, 0x00000000ca880000, 0x00000000eab00000)
  object space 172544K, 53% used [0x00000000c0000000,0x00000000c5a0abd8,0x00000000ca880000)
 Metaspace       used 6724K, capacity 7384K, committed 7680K, reserved 1056768K
  class space    used 613K, capacity 656K, committed 768K, reserved 1048576K
}
Event: 8.337 GC heap before
{Heap before GC invocations=10 (full 1):
 PSYoungGen      total 272896K, used 272871K [0x00000000eab00000, 0x0000000100000000, 0x0000000100000000)
  eden space 221184K, 100% used [0x00000000eab00000,0x00000000f8300000,0x00000000f8300000)
  from space 51712K, 99% used [0x00000000fcd80000,0x00000000ffff9c60,0x0000000100000000)
  to   space 64000K, 0% used [0x00000000f8300000,0x00000000f8300000,0x00000000fc180000)
 ParOldGen       total 172544K, used 92202K [0x00000000c0000000, 0x00000000ca880000, 0x00000000eab00000)
  object space 172544K, 53% used [0x00000000c0000000,0x00000000c5a0abd8,0x00000000ca880000)
 Metaspace       used 6734K, capacity 7384K, committed 7680K, reserved 1056768K
  class space    used 614K, capacity 656K, committed 768K, reserved 1048576K
Event: 8.512 GC heap after
Heap after GC invocations=10 (full 1):
 PSYoungGen      total 285184K, used 63981K [0x00000000eab00000, 0x0000000100000000, 0x0000000100000000)
  eden space 221184K, 0% used [0x00000000eab00000,0x00000000eab00000,0x00000000f8300000)
  from space 64000K, 99% used [0x00000000f8300000,0x00000000fc17b5d8,0x00000000fc180000)
  to   space 64000K, 0% used [0x00000000fc180000,0x00000000fc180000,0x0000000100000000)
 ParOldGen       total 172544K, used 115380K [0x00000000c0000000, 0x00000000ca880000, 0x00000000eab00000)
  object space 172544K, 66% used [0x00000000c0000000,0x00000000c70ad348,0x00000000ca880000)
 Metaspace       used 6734K, capacity 7384K, committed 7680K, reserved 1056768K
  class space    used 614K, capacity 656K, committed 768K, reserved 1048576K
}
Event: 9.098 GC heap before
{Heap before GC invocations=11 (full 1):
 PSYoungGen      total 285184K, used 285165K [0x00000000eab00000, 0x0000000100000000, 0x0000000100000000)
  eden space 221184K, 100% used [0x00000000eab00000,0x00000000f8300000,0x00000000f8300000)
  from space 64000K, 99% used [0x00000000f8300000,0x00000000fc17b5d8,0x00000000fc180000)
  to   space 64000K, 0% used [0x00000000fc180000,0x00000000fc180000,0x0000000100000000)
 ParOldGen       total 172544K, used 115380K [0x00000000c0000000, 0x00000000ca880000, 0x00000000eab00000)
  object space 172544K, 66% used [0x00000000c0000000,0x00000000c70ad348,0x00000000ca880000)
 Metaspace       used 6745K, capacity 7384K, committed 7680K, reserved 1056768K
  class space    used 614K, capacity 656K, committed 768K, reserved 1048576K
Event: 9.211 GC heap after
Heap after GC invocations=11 (full 1):
 PSYoungGen      total 238080K, used 55607K [0x00000000eab00000, 0x0000000100000000, 0x0000000100000000)
  eden space 174080K, 0% used [0x00000000eab00000,0x00000000eab00000,0x00000000f5500000)
  from space 64000K, 86% used [0x00000000fc180000,0x00000000ff7cde68,0x0000000100000000)
  to   space 87552K, 0% used [0x00000000f5500000,0x00000000f5500000,0x00000000faa80000)
 ParOldGen       total 172544K, used 157318K [0x00000000c0000000, 0x00000000ca880000, 0x00000000eab00000)
  object space 172544K, 91% used [0x00000000c0000000,0x00000000c99a1a88,0x00000000ca880000)
 Metaspace       used 6745K, capacity 7384K, committed 7680K, reserved 1056768K
  class space    used 614K, capacity 656K, committed 768K, reserved 1048576K
}
Event: 9.211 GC heap before
{Heap before GC invocations=12 (full 2):
 PSYoungGen      total 238080K, used 55607K [0x00000000eab00000, 0x0000000100000000, 0x0000000100000000)
  eden space 174080K, 0% used [0x00000000eab00000,0x00000000eab00000,0x00000000f5500000)
  from space 64000K, 86% used [0x00000000fc180000,0x00000000ff7cde68,0x0000000100000000)
  to   space 87552K, 0% used [0x00000000f5500000,0x00000000f5500000,0x00000000faa80000)
 ParOldGen       total 172544K, used 157318K [0x00000000c0000000, 0x00000000ca880000, 0x00000000eab00000)
  object space 172544K, 91% used [0x00000000c0000000,0x00000000c99a1a88,0x00000000ca880000)
 Metaspace       used 6745K, capacity 7384K, committed 7680K, reserved 1056768K
  class space    used 614K, capacity 656K, committed 768K, reserved 1048576K
Event: 10.681 GC heap after
Heap after GC invocations=12 (full 2):
 PSYoungGen      total 238080K, used 32763K [0x00000000eab00000, 0x0000000100000000, 0x0000000100000000)
  eden space 174080K, 0% used [0x00000000eab00000,0x00000000eab00000,0x00000000f5500000)
  from space 64000K, 51% used [0x00000000fc180000,0x00000000fe17ed80,0x0000000100000000)
  to   space 87552K, 0% used [0x00000000f5500000,0x00000000f5500000,0x00000000faa80000)
 ParOldGen       total 310272K, used 172518K [0x00000000c0000000, 0x00000000d2f00000, 0x00000000eab00000)
  object space 310272K, 55% used [0x00000000c0000000,0x00000000ca879b88,0x00000000d2f00000)
 Metaspace       used 6745K, capacity 7384K, committed 7680K, reserved 1056768K
  class space    used 614K, capacity 656K, committed 768K, reserved 1048576K
}
Event: 11.086 GC heap before
{Heap before GC invocations=13 (full 2):
 PSYoungGen      total 238080K, used 206843K [0x00000000eab00000, 0x0000000100000000, 0x0000000100000000)
  eden space 174080K, 100% used [0x00000000eab00000,0x00000000f5500000,0x00000000f5500000)
  from space 64000K, 51% used [0x00000000fc180000,0x00000000fe17ed80,0x0000000100000000)
  to   space 87552K, 0% used [0x00000000f5500000,0x00000000f5500000,0x00000000faa80000)
 ParOldGen       total 310272K, used 172518K [0x00000000c0000000, 0x00000000d2f00000, 0x00000000eab00000)
  object space 310272K, 55% used [0x00000000c0000000,0x00000000ca879b88,0x00000000d2f00000)
 Metaspace       used 6754K, capacity 7384K, committed 7680K, reserved 1056768K
  class space    used 614K, capacity 656K, committed 768K, reserved 1048576K
Event: 11.175 GC heap after
Heap after GC invocations=13 (full 2):
 PSYoungGen      total 230912K, used 56438K [0x00000000eab00000, 0x0000000100000000, 0x0000000100000000)
  eden space 174080K, 0% used [0x00000000eab00000,0x00000000eab00000,0x00000000f5500000)
  from space 56832K, 99% used [0x00000000f5500000,0x00000000f8c1d828,0x00000000f8c80000)
  to   space 89600K, 0% used [0x00000000fa880000,0x00000000fa880000,0x0000000100000000)
 ParOldGen       total 310272K, used 172518K [0x00000000c0000000, 0x00000000d2f00000, 0x00000000eab00000)
  object space 310272K, 55% used [0x00000000c0000000,0x00000000ca879b88,0x00000000d2f00000)
 Metaspace       used 6754K, capacity 7384K, committed 7680K, reserved 1056768K
  class space    used 614K, capacity 656K, committed 768K, reserved 1048576K
}

