# JRE version: OpenJDK Runtime Environment (8.0) (build 1.8.0-25-microsoft-b00)
# Java VM: OpenJDK 64-Bit Server VM (25.71-b00 mixed mode windows-amd64 compressed oops)
Heap:
 PSYoungGen      total 20480K, used 8308K [0x00000000d6180000, 0x00000000d7c80000, 0x0000000100000000)
  eden space 14336K, 25% used [0x00000000d6180000,0x00000000d6521768,0x00000000d6f80000)
  from space 6144K, 74% used [0x00000000d7680000,0x00000000d7afbc48,0x00000000d7c80000)
  to   space 6656K, 0% used [0x00000000d6f80000,0x00000000d6f80000,0x00000000d7600000)
 ParOldGen       total 23040K, used 13655K [0x0000000082400000, 0x0000000083a80000, 0x00000000d6180000)
  object space 23040K, 59% used [0x0000000082400000,0x0000000083155f10,0x0000000083a80000)
 Metaspace       used 9726K, capacity 10142K, committed 10368K, reserved 1058816K
  class space    used 1010K, capacity 1042K, committed 1152K, reserved 1048576K
GC Heap History (10 events):
Event: 0.827 GC heap before
{Heap before GC invocations=10 (full 1):
 PSYoungGen      total 13312K, used 3066K [0x00000000d6180000, 0x00000000d7a80000, 0x0000000100000000)
  eden space 10240K, 0% used [0x00000000d6180000,0x00000000d6180000,0x00000000d6b80000)
  from space 3072K, 99% used [0x00000000d6b80000,0x00000000d6e7ea80,0x00000000d6e80000)
  to   space 4608K, 0% used [0x00000000d7600000,0x00000000d7600000,0x00000000d7a80000)
 ParOldGen       total 7168K, used 5781K [0x0000000082400000, 0x0000000082b00000, 0x00000000d6180000)
  object space 7168K, 80% used [0x0000000082400000,0x00000000829a5448,0x0000000082b00000)
 Metaspace       used 7706K, capacity 8436K, committed 8576K, reserved 1056768K
  class space    used 878K, capacity 880K, committed 896K, reserved 1048576K
Event: 0.891 GC heap after
Heap after GC invocations=10 (full 1):
 PSYoungGen      total 13312K, used 1322K [0x00000000d6180000, 0x00000000d7a80000, 0x0000000100000000)
  eden space 10240K, 0% used [0x00000000d6180000,0x00000000d6180000,0x00000000d6b80000)
  from space 3072K, 43% used [0x00000000d6b80000,0x00000000d6cca9a0,0x00000000d6e80000)
  to   space 4608K, 0% used [0x00000000d7600000,0x00000000d7600000,0x00000000d7a80000)
 ParOldGen       total 12288K, used 6990K [0x0000000082400000, 0x0000000083000000, 0x00000000d6180000)
  object space 12288K, 56% used [0x0000000082400000,0x0000000082ad3af0,0x0000000083000000)
 Metaspace       used 7706K, capacity 8436K, committed 8576K, reserved 1056768K
  class space    used 878K, capacity 880K, committed 896K, reserved 1048576K
}
Event: 0.979 GC heap before
{Heap before GC invocations=11 (full 1):
 PSYoungGen      total 13312K, used 11562K [0x00000000d6180000, 0x00000000d7a80000, 0x0000000100000000)
  eden space 10240K, 100% used [0x00000000d6180000,0x00000000d6b80000,0x00000000d6b80000)
  from space 3072K, 43% used [0x00000000d6b80000,0x00000000d6cca9a0,0x00000000d6e80000)
  to   space 4608K, 0% used [0x00000000d7600000,0x00000000d7600000,0x00000000d7a80000)
 ParOldGen       total 12288K, used 6990K [0x0000000082400000, 0x0000000083000000, 0x00000000d6180000)
  object space 12288K, 56% used [0x0000000082400000,0x0000000082ad3af0,0x0000000083000000)
 Metaspace       used 7904K, capacity 8596K, committed 8960K, reserved 1056768K
  class space    used 888K, capacity 912K, committed 1024K, reserved 1048576K
Event: 0.986 GC heap after
Heap after GC invocations=11 (full 1):
 PSYoungGen      total 16896K, used 4585K [0x00000000d6180000, 0x00000000d7a80000, 0x0000000100000000)
  eden space 12288K, 0% used [0x00000000d6180000,0x00000000d6180000,0x00000000d6d80000)
  from space 4608K, 99% used [0x00000000d7600000,0x00000000d7a7a560,0x00000000d7a80000)
  to   space 6144K, 0% used [0x00000000d6e80000,0x00000000d6e80000,0x00000000d7480000)
 ParOldGen       total 12288K, used 8210K [0x0000000082400000, 0x0000000083000000, 0x00000000d6180000)
  object space 12288K, 66% used [0x0000000082400000,0x0000000082c048c8,0x0000000083000000)
 Metaspace       used 7904K, capacity 8596K, committed 8960K, reserved 1056768K
  class space    used 888K, capacity 912K, committed 1024K, reserved 1048576K
}
Event: 1.114 GC heap before
{Heap before GC invocations=12 (full 1):
 PSYoungGen      total 16896K, used 16873K [0x00000000d6180000, 0x00000000d7a80000, 0x0000000100000000)
  eden space 12288K, 100% used [0x00000000d6180000,0x00000000d6d80000,0x00000000d6d80000)
  from space 4608K, 99% used [0x00000000d7600000,0x00000000d7a7a560,0x00000000d7a80000)
  to   space 6144K, 0% used [0x00000000d6e80000,0x00000000d6e80000,0x00000000d7480000)
 ParOldGen       total 12288K, used 8210K [0x0000000082400000, 0x0000000083000000, 0x00000000d6180000)
  object space 12288K, 66% used [0x0000000082400000,0x0000000082c048c8,0x0000000083000000)
 Metaspace       used 8076K, capacity 8788K, committed 8960K, reserved 1056768K
  class space    used 891K, capacity 912K, committed 1024K, reserved 1048576K
Event: 1.122 GC heap after
Heap after GC invocations=12 (full 1):
 PSYoungGen      total 19456K, used 4017K [0x00000000d6180000, 0x00000000d7c80000, 0x0000000100000000)
  eden space 13312K, 0% used [0x00000000d6180000,0x00000000d6180000,0x00000000d6e80000)
  from space 6144K, 65% used [0x00000000d6e80000,0x00000000d726c658,0x00000000d7480000)
  to   space 6144K, 0% used [0x00000000d7680000,0x00000000d7680000,0x00000000d7c80000)
 ParOldGen       total 13824K, used 12543K [0x0000000082400000, 0x0000000083180000, 0x00000000d6180000)
  object space 13824K, 90% used [0x0000000082400000,0x000000008303fe38,0x0000000083180000)
 Metaspace       used 8076K, capacity 8788K, committed 8960K, reserved 1056768K
  class space    used 891K, capacity 912K, committed 1024K, reserved 1048576K
}
Event: 1.122 GC heap before
{Heap before GC invocations=13 (full 2):
 PSYoungGen      total 19456K, used 4017K [0x00000000d6180000, 0x00000000d7c80000, 0x0000000100000000)
  eden space 13312K, 0% used [0x00000000d6180000,0x00000000d6180000,0x00000000d6e80000)
  from space 6144K, 65% used [0x00000000d6e80000,0x00000000d726c658,0x00000000d7480000)
  to   space 6144K, 0% used [0x00000000d7680000,0x00000000d7680000,0x00000000d7c80000)
 ParOldGen       total 13824K, used 12543K [0x0000000082400000, 0x0000000083180000, 0x00000000d6180000)
  object space 13824K, 90% used [0x0000000082400000,0x000000008303fe38,0x0000000083180000)
 Metaspace       used 8076K, capacity 8788K, committed 8960K, reserved 1056768K
  class space    used 891K, capacity 912K, committed 1024K, reserved 1048576K
Event: 1.298 GC heap after
Heap after GC invocations=13 (full 2):
 PSYoungGen      total 19456K, used 2290K [0x00000000d6180000, 0x00000000d7c80000, 0x0000000100000000)
  eden space 13312K, 0% used [0x00000000d6180000,0x00000000d6180000,0x00000000d6e80000)
  from space 6144K, 37% used [0x00000000d6e80000,0x00000000d70bcb18,0x00000000d7480000)
  to   space 6144K, 0% used [0x00000000d7680000,0x00000000d7680000,0x00000000d7c80000)
 ParOldGen       total 23040K, used 13647K [0x0000000082400000, 0x0000000083a80000, 0x00000000d6180000)
  object space 23040K, 59% used [0x0000000082400000,0x0000000083153f10,0x0000000083a80000)
 Metaspace       used 8076K, capacity 8788K, committed 8960K, reserved 1056768K
  class space    used 891K, capacity 912K, committed 1024K, reserved 1048576K
}
Event: 2.691 GC heap before
{Heap before GC invocations=14 (full 2):
 PSYoungGen      total 19456K, used 15602K [0x00000000d6180000, 0x00000000d7c80000, 0x0000000100000000)
  eden space 13312K, 100% used [0x00000000d6180000,0x00000000d6e80000,0x00000000d6e80000)
  from space 6144K, 37% used [0x00000000d6e80000,0x00000000d70bcb18,0x00000000d7480000)
  to   space 6144K, 0% used [0x00000000d7680000,0x00000000d7680000,0x00000000d7c80000)
 ParOldGen       total 23040K, used 13647K [0x0000000082400000, 0x0000000083a80000, 0x00000000d6180000)
  object space 23040K, 59% used [0x0000000082400000,0x0000000083153f10,0x0000000083a80000)
 Metaspace       used 9521K, capacity 9950K, committed 10112K, reserved 1058816K
  class space    used 1010K, capacity 1042K, committed 1152K, reserved 1048576K
Event: 2.698 GC heap after
Heap after GC invocations=14 (full 2):
 PSYoungGen      total 20480K, used 4591K [0x00000000d6180000, 0x00000000d7c80000, 0x0000000100000000)
  eden space 14336K, 0% used [0x00000000d6180000,0x00000000d6180000,0x00000000d6f80000)
  from space 6144K, 74% used [0x00000000d7680000,0x00000000d7afbc48,0x00000000d7c80000)
  to   space 6656K, 0% used [0x00000000d6f80000,0x00000000d6f80000,0x00000000d7600000)
 ParOldGen       total 23040K, used 13655K [0x0000000082400000, 0x0000000083a80000, 0x00000000d6180000)
  object space 23040K, 59% used [0x0000000082400000,0x0000000083155f10,0x0000000083a80000)
 Metaspace       used 9521K, capacity 9950K, committed 10112K, reserved 1058816K
  class space    used 1010K, capacity 1042K, committed 1152K, reserved 1048576K
}

