# JRE version: OpenJDK Runtime Environment (8.0) (build 1.8.0-25-microsoft-b00)
# Java VM: OpenJDK 64-Bit Server VM (25.71-b00 mixed mode windows-amd64 compressed oops)
Heap:
 PSYoungGen      total 287232K, used 95349K [0x00000000eab00000, 0x0000000100000000, 0x0000000100000000)
  eden space 250880K, 38% used [0x00000000eab00000,0x00000000f081d758,0x00000000fa000000)
  from space 36352K, 0% used [0x00000000fa000000,0x00000000fa000000,0x00000000fc380000)
  to   space 53760K, 0% used [0x00000000fcb80000,0x00000000fcb80000,0x0000000100000000)
 ParOldGen       total 86016K, used 85868K [0x00000000c0000000, 0x00000000c5400000, 0x00000000eab00000)
  object space 86016K, 99% used [0x00000000c0000000,0x00000000c53db008,0x00000000c5400000)
 Metaspace       used 7273K, capacity 7864K, committed 8192K, reserved 1056768K
  class space    used 634K, capacity 688K, committed 768K, reserved 1048576K
GC Heap History (10 events):
Event: 8.226 GC heap before
{Heap before GC invocations=15 (full 6):
 PSYoungGen      total 287232K, used 250880K [0x00000000eab00000, 0x0000000100000000, 0x0000000100000000)
  eden space 250880K, 100% used [0x00000000eab00000,0x00000000fa000000,0x00000000fa000000)
  from space 36352K, 0% used [0x00000000fa000000,0x00000000fa000000,0x00000000fc380000)
  to   space 53760K, 0% used [0x00000000fcb80000,0x00000000fcb80000,0x0000000100000000)
 ParOldGen       total 86016K, used 85880K [0x00000000c0000000, 0x00000000c5400000, 0x00000000eab00000)
  object space 86016K, 99% used [0x00000000c0000000,0x00000000c53de090,0x00000000c5400000)
 Metaspace       used 6748K, capacity 7384K, committed 7680K, reserved 1056768K
  class space    used 614K, capacity 656K, committed 768K, reserved 1048576K
Event: 8.920 GC heap after
Heap after GC invocations=15 (full 6):
 PSYoungGen      total 287232K, used 146580K [0x00000000eab00000, 0x0000000100000000, 0x0000000100000000)
  eden space 250880K, 58% used [0x00000000eab00000,0x00000000f3a25298,0x00000000fa000000)
  from space 36352K, 0% used [0x00000000fa000000,0x00000000fa000000,0x00000000fc380000)
  to   space 53760K, 0% used [0x00000000fcb80000,0x00000000fcb80000,0x0000000100000000)
 ParOldGen       total 86016K, used 85879K [0x00000000c0000000, 0x00000000c5400000, 0x00000000eab00000)
  object space 86016K, 99% used [0x00000000c0000000,0x00000000c53ddd10,0x00000000c5400000)
 Metaspace       used 6748K, capacity 7384K, committed 7680K, reserved 1056768K
  class space    used 614K, capacity 656K, committed 768K, reserved 1048576K
}
Event: 9.151 GC heap before
{Heap before GC invocations=16 (full 7):
 PSYoungGen      total 287232K, used 250880K [0x00000000eab00000, 0x0000000100000000, 0x0000000100000000)
  eden space 250880K, 100% used [0x00000000eab00000,0x00000000fa000000,0x00000000fa000000)
  from space 36352K, 0% used [0x00000000fa000000,0x00000000fa000000,0x00000000fc380000)
  to   space 53760K, 0% used [0x00000000fcb80000,0x00000000fcb80000,0x0000000100000000)
 ParOldGen       total 86016K, used 85879K [0x00000000c0000000, 0x00000000c5400000, 0x00000000eab00000)
  object space 86016K, 99% used [0x00000000c0000000,0x00000000c53ddd10,0x00000000c5400000)
 Metaspace       used 6748K, capacity 7384K, committed 7680K, reserved 1056768K
  class space    used 614K, capacity 656K, committed 768K, reserved 1048576K
Event: 9.783 GC heap after
Heap after GC invocations=16 (full 7):
 PSYoungGen      total 287232K, used 161882K [0x00000000eab00000, 0x0000000100000000, 0x0000000100000000)
  eden space 250880K, 64% used [0x00000000eab00000,0x00000000f4916850,0x00000000fa000000)
  from space 36352K, 0% used [0x00000000fa000000,0x00000000fa000000,0x00000000fc380000)
  to   space 53760K, 0% used [0x00000000fcb80000,0x00000000fcb80000,0x0000000100000000)
 ParOldGen       total 86016K, used 85878K [0x00000000c0000000, 0x00000000c5400000, 0x00000000eab00000)
  object space 86016K, 99% used [0x00000000c0000000,0x00000000c53dda70,0x00000000c5400000)
 Metaspace       used 6748K, capacity 7384K, committed 7680K, reserved 1056768K
  class space    used 614K, capacity 656K, committed 768K, reserved 1048576K
}
Event: 9.938 GC heap before
{Heap before GC invocations=17 (full 8):
 PSYoungGen      total 287232K, used 250880K [0x00000000eab00000, 0x0000000100000000, 0x0000000100000000)
  eden space 250880K, 100% used [0x00000000eab00000,0x00000000fa000000,0x00000000fa000000)
  from space 36352K, 0% used [0x00000000fa000000,0x00000000fa000000,0x00000000fc380000)
  to   space 53760K, 0% used [0x00000000fcb80000,0x00000000fcb80000,0x0000000100000000)
 ParOldGen       total 86016K, used 85878K [0x00000000c0000000, 0x00000000c5400000, 0x00000000eab00000)
  object space 86016K, 99% used [0x00000000c0000000,0x00000000c53dda70,0x00000000c5400000)
 Metaspace       used 6751K, capacity 7384K, committed 7680K, reserved 1056768K
  class space    used 614K, capacity 656K, committed 768K, reserved 1048576K
Event: 10.640 GC heap after
Heap after GC invocations=17 (full 8):
 PSYoungGen      total 287232K, used 174457K [0x00000000eab00000, 0x0000000100000000, 0x0000000100000000)
  eden space 250880K, 69% used [0x00000000eab00000,0x00000000f555e550,0x00000000fa000000)
  from space 36352K, 0% used [0x00000000fa000000,0x00000000fa000000,0x00000000fc380000)
  to   space 53760K, 0% used [0x00000000fcb80000,0x00000000fcb80000,0x0000000100000000)
 ParOldGen       total 86016K, used 85877K [0x00000000c0000000, 0x00000000c5400000, 0x00000000eab00000)
  object space 86016K, 99% used [0x00000000c0000000,0x00000000c53dd710,0x00000000c5400000)
 Metaspace       used 6751K, capacity 7384K, committed 7680K, reserved 1056768K
  class space    used 614K, capacity 656K, committed 768K, reserved 1048576K
}
Event: 11.147 GC heap before
{Heap before GC invocations=18 (full 9):
 PSYoungGen      total 287232K, used 250880K [0x00000000eab00000, 0x0000000100000000, 0x0000000100000000)
  eden space 250880K, 100% used [0x00000000eab00000,0x00000000fa000000,0x00000000fa000000)
  from space 36352K, 0% used [0x00000000fa000000,0x00000000fa000000,0x00000000fc380000)
  to   space 53760K, 0% used [0x00000000fcb80000,0x00000000fcb80000,0x0000000100000000)
 ParOldGen       total 86016K, used 85877K [0x00000000c0000000, 0x00000000c5400000, 0x00000000eab00000)
  object space 86016K, 99% used [0x00000000c0000000,0x00000000c53dd710,0x00000000c5400000)
 Metaspace       used 6851K, capacity 7448K, committed 7680K, reserved 1056768K
  class space    used 618K, capacity 656K, committed 768K, reserved 1048576K
Event: 13.205 GC heap after
Heap after GC invocations=18 (full 9):
 PSYoungGen      total 287232K, used 179410K [0x00000000eab00000, 0x0000000100000000, 0x0000000100000000)
  eden space 250880K, 71% used [0x00000000eab00000,0x00000000f5a348f0,0x00000000fa000000)
  from space 36352K, 0% used [0x00000000fa000000,0x00000000fa000000,0x00000000fc380000)
  to   space 53760K, 0% used [0x00000000fcb80000,0x00000000fcb80000,0x0000000100000000)
 ParOldGen       total 86016K, used 85941K [0x00000000c0000000, 0x00000000c5400000, 0x00000000eab00000)
  object space 86016K, 99% used [0x00000000c0000000,0x00000000c53ed7a0,0x00000000c5400000)
 Metaspace       used 6851K, capacity 7448K, committed 7680K, reserved 1056768K
  class space    used 618K, capacity 656K, committed 768K, reserved 1048576K
}
Event: 13.974 GC heap before
{Heap before GC invocations=19 (full 10):
 PSYoungGen      total 287232K, used 250880K [0x00000000eab00000, 0x0000000100000000, 0x0000000100000000)
  eden space 250880K, 100% used [0x00000000eab00000,0x00000000fa000000,0x00000000fa000000)
  from space 36352K, 0% used [0x00000000fa000000,0x00000000fa000000,0x00000000fc380000)
  to   space 53760K, 0% used [0x00000000fcb80000,0x00000000fcb80000,0x0000000100000000)
 ParOldGen       total 86016K, used 85941K [0x00000000c0000000, 0x00000000c5400000, 0x00000000eab00000)
  object space 86016K, 99% used [0x00000000c0000000,0x00000000c53ed7a0,0x00000000c5400000)
 Metaspace       used 7178K, capacity 7736K, committed 7936K, reserved 1056768K
  class space    used 633K, capacity 688K, committed 768K, reserved 1048576K
Event: 14.570 GC heap after
Heap after GC invocations=19 (full 10):
 PSYoungGen      total 287232K, used 67244K [0x00000000eab00000, 0x0000000100000000, 0x0000000100000000)
  eden space 250880K, 26% used [0x00000000eab00000,0x00000000eecab340,0x00000000fa000000)
  from space 36352K, 0% used [0x00000000fa000000,0x00000000fa000000,0x00000000fc380000)
  to   space 53760K, 0% used [0x00000000fcb80000,0x00000000fcb80000,0x0000000100000000)
 ParOldGen       total 86016K, used 85868K [0x00000000c0000000, 0x00000000c5400000, 0x00000000eab00000)
  object space 86016K, 99% used [0x00000000c0000000,0x00000000c53db008,0x00000000c5400000)
 Metaspace       used 7178K, capacity 7736K, committed 7936K, reserved 1056768K
  class space    used 633K, capacity 688K, committed 768K, reserved 1048576K
}

