# JRE version: OpenJDK Runtime Environment (8.0) (build 1.8.0-25-microsoft-b00)
# Java VM: OpenJDK 64-Bit Server VM (25.71-b00 mixed mode windows-amd64 compressed oops)
Heap:
 PSYoungGen      total 78848K, used 43790K [0x00000000eab00000, 0x00000000f0800000, 0x0000000100000000)
  eden space 62464K, 43% used [0x00000000eab00000,0x00000000ec5c82a8,0x00000000ee800000)
  from space 16384K, 100% used [0x00000000ee800000,0x00000000ef800000,0x00000000ef800000)
  to   space 15872K, 0% used [0x00000000ef880000,0x00000000ef880000,0x00000000f0800000)
 ParOldGen       total 699392K, used 185169K [0x00000000c0000000, 0x00000000eab00000, 0x00000000eab00000)
  object space 699392K, 26% used [0x00000000c0000000,0x00000000cb4d4738,0x00000000eab00000)
 Metaspace       used 6738K, capacity 7384K, committed 7680K, reserved 1056768K
  class space    used 614K, capacity 656K, committed 768K, reserved 1048576K
GC Heap History (10 events):
Event: 214.977 GC heap before
{Heap before GC invocations=1068 (full 1040):
 PSYoungGen      total 78336K, used 62463K [0x00000000eab00000, 0x00000000f0800000, 0x0000000100000000)
  eden space 62464K, 99% used [0x00000000eab00000,0x00000000ee7ffff8,0x00000000ee800000)
  from space 15872K, 0% used [0x00000000ef880000,0x00000000ef880000,0x00000000f0800000)
  to   space 16384K, 0% used [0x00000000ee800000,0x00000000ee800000,0x00000000ef800000)
 ParOldGen       total 138752K, used 138634K [0x00000000c0000000, 0x00000000c8780000, 0x00000000eab00000)
  object space 138752K, 99% used [0x00000000c0000000,0x00000000c8762a40,0x00000000c8780000)
 Metaspace       used 6734K, capacity 7384K, committed 7680K, reserved 1056768K
  class space    used 614K, capacity 656K, committed 768K, reserved 1048576K
Event: 215.178 GC heap after
Heap after GC invocations=1068 (full 1040):
 PSYoungGen      total 78336K, used 62463K [0x00000000eab00000, 0x00000000f0800000, 0x0000000100000000)
  eden space 62464K, 99% used [0x00000000eab00000,0x00000000ee7ffff8,0x00000000ee800000)
  from space 15872K, 0% used [0x00000000ef880000,0x00000000ef880000,0x00000000f0800000)
  to   space 16384K, 0% used [0x00000000ee800000,0x00000000ee800000,0x00000000ef800000)
 ParOldGen       total 138752K, used 138634K [0x00000000c0000000, 0x00000000c8780000, 0x00000000eab00000)
  object space 138752K, 99% used [0x00000000c0000000,0x00000000c87629b0,0x00000000c8780000)
 Metaspace       used 6734K, capacity 7384K, committed 7680K, reserved 1056768K
  class space    used 614K, capacity 656K, committed 768K, reserved 1048576K
}
Event: 215.179 GC heap before
{Heap before GC invocations=1069 (full 1041):
 PSYoungGen      total 78336K, used 62463K [0x00000000eab00000, 0x00000000f0800000, 0x0000000100000000)
  eden space 62464K, 99% used [0x00000000eab00000,0x00000000ee7ffff8,0x00000000ee800000)
  from space 15872K, 0% used [0x00000000ef880000,0x00000000ef880000,0x00000000f0800000)
  to   space 16384K, 0% used [0x00000000ee800000,0x00000000ee800000,0x00000000ef800000)
 ParOldGen       total 138752K, used 138636K [0x00000000c0000000, 0x00000000c8780000, 0x00000000eab00000)
  object space 138752K, 99% used [0x00000000c0000000,0x00000000c8763380,0x00000000c8780000)
 Metaspace       used 6734K, capacity 7384K, committed 7680K, reserved 1056768K
  class space    used 614K, capacity 656K, committed 768K, reserved 1048576K
Event: 215.375 GC heap after
Heap after GC invocations=1069 (full 1041):
 PSYoungGen      total 78336K, used 62463K [0x00000000eab00000, 0x00000000f0800000, 0x0000000100000000)
  eden space 62464K, 99% used [0x00000000eab00000,0x00000000ee7ffff8,0x00000000ee800000)
  from space 15872K, 0% used [0x00000000ef880000,0x00000000ef880000,0x00000000f0800000)
  to   space 16384K, 0% used [0x00000000ee800000,0x00000000ee800000,0x00000000ef800000)
 ParOldGen       total 138752K, used 138636K [0x00000000c0000000, 0x00000000c8780000, 0x00000000eab00000)
  object space 138752K, 99% used [0x00000000c0000000,0x00000000c8763020,0x00000000c8780000)
 Metaspace       used 6734K, capacity 7384K, committed 7680K, reserved 1056768K
  class space    used 614K, capacity 656K, committed 768K, reserved 1048576K
}
Event: 215.376 GC heap before
{Heap before GC invocations=1070 (full 1042):
 PSYoungGen      total 78336K, used 62463K [0x00000000eab00000, 0x00000000f0800000, 0x0000000100000000)
  eden space 62464K, 99% used [0x00000000eab00000,0x00000000ee7ffff8,0x00000000ee800000)
  from space 15872K, 0% used [0x00000000ef880000,0x00000000ef880000,0x00000000f0800000)
  to   space 16384K, 0% used [0x00000000ee800000,0x00000000ee800000,0x00000000ef800000)
 ParOldGen       total 138752K, used 138638K [0x00000000c0000000, 0x00000000c8780000, 0x00000000eab00000)
  object space 138752K, 99% used [0x00000000c0000000,0x00000000c8763ad0,0x00000000c8780000)
 Metaspace       used 6734K, capacity 7384K, committed 7680K, reserved 1056768K
  class space    used 614K, capacity 656K, committed 768K, reserved 1048576K
Event: 215.587 GC heap after
Heap after GC invocations=1070 (full 1042):
 PSYoungGen      total 78336K, used 62463K [0x00000000eab00000, 0x00000000f0800000, 0x0000000100000000)
  eden space 62464K, 99% used [0x00000000eab00000,0x00000000ee7ffff8,0x00000000ee800000)
  from space 15872K, 0% used [0x00000000ef880000,0x00000000ef880000,0x00000000f0800000)
  to   space 16384K, 0% used [0x00000000ee800000,0x00000000ee800000,0x00000000ef800000)
 ParOldGen       total 138752K, used 138636K [0x00000000c0000000, 0x00000000c8780000, 0x00000000eab00000)
  object space 138752K, 99% used [0x00000000c0000000,0x00000000c8763228,0x00000000c8780000)
 Metaspace       used 6734K, capacity 7384K, committed 7680K, reserved 1056768K
  class space    used 614K, capacity 656K, committed 768K, reserved 1048576K
}
Event: 215.588 GC heap before
{Heap before GC invocations=1071 (full 1043):
 PSYoungGen      total 78336K, used 62463K [0x00000000eab00000, 0x00000000f0800000, 0x0000000100000000)
  eden space 62464K, 99% used [0x00000000eab00000,0x00000000ee7ffff8,0x00000000ee800000)
  from space 15872K, 0% used [0x00000000ef880000,0x00000000ef880000,0x00000000f0800000)
  to   space 16384K, 0% used [0x00000000ee800000,0x00000000ee800000,0x00000000ef800000)
 ParOldGen       total 138752K, used 138639K [0x00000000c0000000, 0x00000000c8780000, 0x00000000eab00000)
  object space 138752K, 99% used [0x00000000c0000000,0x00000000c8763d00,0x00000000c8780000)
 Metaspace       used 6734K, capacity 7384K, committed 7680K, reserved 1056768K
  class space    used 614K, capacity 656K, committed 768K, reserved 1048576K
Event: 215.798 GC heap after
Heap after GC invocations=1071 (full 1043):
 PSYoungGen      total 78336K, used 62463K [0x00000000eab00000, 0x00000000f0800000, 0x0000000100000000)
  eden space 62464K, 99% used [0x00000000eab00000,0x00000000ee7ffff8,0x00000000ee800000)
  from space 15872K, 0% used [0x00000000ef880000,0x00000000ef880000,0x00000000f0800000)
  to   space 16384K, 0% used [0x00000000ee800000,0x00000000ee800000,0x00000000ef800000)
 ParOldGen       total 699392K, used 138635K [0x00000000c0000000, 0x00000000eab00000, 0x00000000eab00000)
  object space 699392K, 19% used [0x00000000c0000000,0x00000000c8762dd8,0x00000000eab00000)
 Metaspace       used 6734K, capacity 7384K, committed 7680K, reserved 1056768K
  class space    used 614K, capacity 656K, committed 768K, reserved 1048576K
}
Event: 215.799 GC heap before
{Heap before GC invocations=1072 (full 1043):
 PSYoungGen      total 78336K, used 62463K [0x00000000eab00000, 0x00000000f0800000, 0x0000000100000000)
  eden space 62464K, 99% used [0x00000000eab00000,0x00000000ee7ffff8,0x00000000ee800000)
  from space 15872K, 0% used [0x00000000ef880000,0x00000000ef880000,0x00000000f0800000)
  to   space 16384K, 0% used [0x00000000ee800000,0x00000000ee800000,0x00000000ef800000)
 ParOldGen       total 699392K, used 138636K [0x00000000c0000000, 0x00000000eab00000, 0x00000000eab00000)
  object space 699392K, 19% used [0x00000000c0000000,0x00000000c87633c0,0x00000000eab00000)
 Metaspace       used 6734K, capacity 7384K, committed 7680K, reserved 1056768K
  class space    used 614K, capacity 656K, committed 768K, reserved 1048576K
Event: 215.870 GC heap after
Heap after GC invocations=1072 (full 1043):
 PSYoungGen      total 78848K, used 16384K [0x00000000eab00000, 0x00000000f0800000, 0x0000000100000000)
  eden space 62464K, 0% used [0x00000000eab00000,0x00000000eab00000,0x00000000ee800000)
  from space 16384K, 100% used [0x00000000ee800000,0x00000000ef800000,0x00000000ef800000)
  to   space 15872K, 0% used [0x00000000ef880000,0x00000000ef880000,0x00000000f0800000)
 ParOldGen       total 699392K, used 185169K [0x00000000c0000000, 0x00000000eab00000, 0x00000000eab00000)
  object space 699392K, 26% used [0x00000000c0000000,0x00000000cb4d4738,0x00000000eab00000)
 Metaspace       used 6734K, capacity 7384K, committed 7680K, reserved 1056768K
  class space    used 614K, capacity 656K, committed 768K, reserved 1048576K
}

